<?xml version="1.0" encoding="UTF-8"?>
<testsuite xmlns:xsi="http://www.w3.org/2001/XMLSchema-instance" xsi:noNamespaceSchemaLocation="https://maven.apache.org/surefire/maven-surefire-plugin/xsd/surefire-test-report.xsd" name="com.mycompany.apartment_system.ManagerLoginNewTest" time="17.739" tests="1" errors="0" skipped="0" failures="0">
  <properties>
    <property name="java.specification.version" value="20"/>
    <property name="sun.jnu.encoding" value="UTF-8"/>
    <property name="java.class.path" value="/Users/zhixu/Documents/ApartmentSystem/Apartment_System/target/test-classes:/Users/zhixu/Documents/ApartmentSystem/Apartment_System/target/classes:/Users/zhixu/.m2/repository/org/xerial/sqlite-jdbc/3.41.2.1/sqlite-jdbc-3.41.2.1.jar:/Users/zhixu/.m2/repository/org/netbeans/external/AbsoluteLayout/RELEASE170/AbsoluteLayout-RELEASE170.jar:/Users/zhixu/.m2/repository/javax/mail/javax.mail-api/1.5.6/javax.mail-api-1.5.6.jar:/Users/zhixu/.m2/repository/javax/mail/mail/1.4.7/mail-1.4.7.jar:/Users/zhixu/.m2/repository/javax/activation/activation/1.1/activation-1.1.jar:/Users/zhixu/.m2/repository/org/apache/commons/commons-lang3/3.12.0/commons-lang3-3.12.0.jar:/Users/zhixu/.m2/repository/com/github/dotxyteam/swing-testing-toolkit/1.8.10/swing-testing-toolkit-1.8.10.jar:/Users/zhixu/.m2/repository/com/github/dotxyteam/custom-ui/5.2.10/custom-ui-5.2.10.jar:/Users/zhixu/.m2/repository/com/github/dotxyteam/reflection-ui/5.2.10/reflection-ui-5.2.10.jar:/Users/zhixu/.m2/repository/com/fasterxml/classmate/1.4.0/classmate-1.4.0.jar:/Users/zhixu/.m2/repository/com/google/guava/guava/18.0/guava-18.0.jar:/Users/zhixu/.m2/repository/org/swinglabs/swingx-core/1.6.2-2/swingx-core-1.6.2-2.jar:/Users/zhixu/.m2/repository/javax/xml/bind/jaxb-api/2.3.0/jaxb-api-2.3.0.jar:/Users/zhixu/.m2/repository/com/sun/xml/bind/jaxb-core/2.3.0/jaxb-core-2.3.0.jar:/Users/zhixu/.m2/repository/com/sun/xml/bind/jaxb-impl/2.3.1/jaxb-impl-2.3.1.jar:/Users/zhixu/.m2/repository/org/swinglabs/swingx/1.6.1/swingx-1.6.1.jar:/Users/zhixu/.m2/repository/com/jhlabs/filters/2.0.235/filters-2.0.235.jar:/Users/zhixu/.m2/repository/org/swinglabs/swing-worker/1.1/swing-worker-1.1.jar:/Users/zhixu/.m2/repository/commons-io/commons-io/2.4/commons-io-2.4.jar:/Users/zhixu/.m2/repository/com/thoughtworks/xstream/xstream/1.4.20/xstream-1.4.20.jar:/Users/zhixu/.m2/repository/io/github/x-stream/mxparser/1.2.2/mxparser-1.2.2.jar:/Users/zhixu/.m2/repository/xmlpull/xmlpull/1.1.3.1/xmlpull-1.1.3.1.jar:/Users/zhixu/.m2/repository/org/junit/jupiter/junit-jupiter-api/5.6.0/junit-jupiter-api-5.6.0.jar:/Users/zhixu/.m2/repository/org/apiguardian/apiguardian-api/1.1.0/apiguardian-api-1.1.0.jar:/Users/zhixu/.m2/repository/org/opentest4j/opentest4j/1.2.0/opentest4j-1.2.0.jar:/Users/zhixu/.m2/repository/org/junit/platform/junit-platform-commons/1.6.0/junit-platform-commons-1.6.0.jar:/Users/zhixu/.m2/repository/org/junit/jupiter/junit-jupiter-params/5.6.0/junit-jupiter-params-5.6.0.jar:/Users/zhixu/.m2/repository/org/junit/jupiter/junit-jupiter-engine/5.6.0/junit-jupiter-engine-5.6.0.jar:/Users/zhixu/.m2/repository/org/junit/platform/junit-platform-engine/1.6.0/junit-platform-engine-1.6.0.jar:"/>
    <property name="java.vm.vendor" value="Oracle Corporation"/>
    <property name="sun.arch.data.model" value="64"/>
    <property name="java.vendor.url" value="https://java.oracle.com/"/>
    <property name="os.name" value="Mac OS X"/>
    <property name="java.vm.specification.version" value="20"/>
    <property name="user.country" value="GB"/>
    <property name="sun.java.launcher" value="SUN_STANDARD"/>
    <property name="sun.boot.library.path" value="/Library/Java/JavaVirtualMachines/jdk-20.jdk/Contents/Home/lib"/>
    <property name="sun.java.command" value="/Users/zhixu/Documents/ApartmentSystem/Apartment_System/target/surefire/surefirebooter12512782083122624839.jar /Users/zhixu/Documents/ApartmentSystem/Apartment_System/target/surefire 2023-07-03T21-56-32_557-jvmRun1 surefire5747566522556984728tmp surefire_07084273541690289296tmp"/>
    <property name="http.nonProxyHosts" value="local|*.local|169.254/16|*.169.254/16"/>
    <property name="jdk.debug" value="release"/>
    <property name="test" value="com.mycompany.apartment_system.ManagerLoginNewTest#testGenerateVisitorReport"/>
    <property name="surefire.test.class.path" value="/Users/zhixu/Documents/ApartmentSystem/Apartment_System/target/test-classes:/Users/zhixu/Documents/ApartmentSystem/Apartment_System/target/classes:/Users/zhixu/.m2/repository/org/xerial/sqlite-jdbc/3.41.2.1/sqlite-jdbc-3.41.2.1.jar:/Users/zhixu/.m2/repository/org/netbeans/external/AbsoluteLayout/RELEASE170/AbsoluteLayout-RELEASE170.jar:/Users/zhixu/.m2/repository/javax/mail/javax.mail-api/1.5.6/javax.mail-api-1.5.6.jar:/Users/zhixu/.m2/repository/javax/mail/mail/1.4.7/mail-1.4.7.jar:/Users/zhixu/.m2/repository/javax/activation/activation/1.1/activation-1.1.jar:/Users/zhixu/.m2/repository/org/apache/commons/commons-lang3/3.12.0/commons-lang3-3.12.0.jar:/Users/zhixu/.m2/repository/com/github/dotxyteam/swing-testing-toolkit/1.8.10/swing-testing-toolkit-1.8.10.jar:/Users/zhixu/.m2/repository/com/github/dotxyteam/custom-ui/5.2.10/custom-ui-5.2.10.jar:/Users/zhixu/.m2/repository/com/github/dotxyteam/reflection-ui/5.2.10/reflection-ui-5.2.10.jar:/Users/zhixu/.m2/repository/com/fasterxml/classmate/1.4.0/classmate-1.4.0.jar:/Users/zhixu/.m2/repository/com/google/guava/guava/18.0/guava-18.0.jar:/Users/zhixu/.m2/repository/org/swinglabs/swingx-core/1.6.2-2/swingx-core-1.6.2-2.jar:/Users/zhixu/.m2/repository/javax/xml/bind/jaxb-api/2.3.0/jaxb-api-2.3.0.jar:/Users/zhixu/.m2/repository/com/sun/xml/bind/jaxb-core/2.3.0/jaxb-core-2.3.0.jar:/Users/zhixu/.m2/repository/com/sun/xml/bind/jaxb-impl/2.3.1/jaxb-impl-2.3.1.jar:/Users/zhixu/.m2/repository/org/swinglabs/swingx/1.6.1/swingx-1.6.1.jar:/Users/zhixu/.m2/repository/com/jhlabs/filters/2.0.235/filters-2.0.235.jar:/Users/zhixu/.m2/repository/org/swinglabs/swing-worker/1.1/swing-worker-1.1.jar:/Users/zhixu/.m2/repository/commons-io/commons-io/2.4/commons-io-2.4.jar:/Users/zhixu/.m2/repository/com/thoughtworks/xstream/xstream/1.4.20/xstream-1.4.20.jar:/Users/zhixu/.m2/repository/io/github/x-stream/mxparser/1.2.2/mxparser-1.2.2.jar:/Users/zhixu/.m2/repository/xmlpull/xmlpull/1.1.3.1/xmlpull-1.1.3.1.jar:/Users/zhixu/.m2/repository/org/junit/jupiter/junit-jupiter-api/5.6.0/junit-jupiter-api-5.6.0.jar:/Users/zhixu/.m2/repository/org/apiguardian/apiguardian-api/1.1.0/apiguardian-api-1.1.0.jar:/Users/zhixu/.m2/repository/org/opentest4j/opentest4j/1.2.0/opentest4j-1.2.0.jar:/Users/zhixu/.m2/repository/org/junit/platform/junit-platform-commons/1.6.0/junit-platform-commons-1.6.0.jar:/Users/zhixu/.m2/repository/org/junit/jupiter/junit-jupiter-params/5.6.0/junit-jupiter-params-5.6.0.jar:/Users/zhixu/.m2/repository/org/junit/jupiter/junit-jupiter-engine/5.6.0/junit-jupiter-engine-5.6.0.jar:/Users/zhixu/.m2/repository/org/junit/platform/junit-platform-engine/1.6.0/junit-platform-engine-1.6.0.jar:"/>
    <property name="sun.cpu.endian" value="little"/>
    <property name="user.home" value="/Users/zhixu"/>
    <property name="user.language" value="en"/>
    <property name="java.specification.vendor" value="Oracle Corporation"/>
    <property name="java.version.date" value="2023-03-21"/>
    <property name="java.home" value="/Library/Java/JavaVirtualMachines/jdk-20.jdk/Contents/Home"/>
    <property name="file.separator" value="/"/>
    <property name="basedir" value="/Users/zhixu/Documents/ApartmentSystem/Apartment_System"/>
    <property name="java.vm.compressedOopsMode" value="Zero based"/>
    <property name="line.separator" value="&#10;"/>
    <property name="java.vm.specification.vendor" value="Oracle Corporation"/>
    <property name="java.specification.name" value="Java Platform API Specification"/>
    <property name="apple.awt.application.name" value="ForkedBooter"/>
    <property name="surefire.real.class.path" value="/Users/zhixu/Documents/ApartmentSystem/Apartment_System/target/surefire/surefirebooter12512782083122624839.jar"/>
    <property name="sun.management.compiler" value="HotSpot 64-Bit Tiered Compilers"/>
    <property name="ftp.nonProxyHosts" value="local|*.local|169.254/16|*.169.254/16"/>
    <property name="java.runtime.version" value="20+36-2344"/>
    <property name="user.name" value="zhixu"/>
    <property name="stdout.encoding" value="UTF-8"/>
    <property name="path.separator" value=":"/>
    <property name="os.version" value="12.5"/>
    <property name="java.runtime.name" value="Java(TM) SE Runtime Environment"/>
    <property name="file.encoding" value="UTF-8"/>
    <property name="java.vm.name" value="Java HotSpot(TM) 64-Bit Server VM"/>
    <property name="maven.ext.class.path" value="/Applications/NetBeans/Apache NetBeans 17.app/Contents/Resources/NetBeans/netbeans/java/maven-nblib/netbeans-eventspy.jar"/>
    <property name="localRepository" value="/Users/zhixu/.m2/repository"/>
    <property name="java.vendor.url.bug" value="https://bugreport.java.com/bugreport/"/>
    <property name="java.io.tmpdir" value="/var/folders/02/x5fty9k92bsf6skh_sqyv4j80000gn/T/"/>
    <property name="java.version" value="20"/>
    <property name="user.dir" value="/Users/zhixu/Documents/ApartmentSystem/Apartment_System"/>
    <property name="os.arch" value="aarch64"/>
    <property name="java.vm.specification.name" value="Java Virtual Machine Specification"/>
    <property name="native.encoding" value="UTF-8"/>
    <property name="java.library.path" value="/Users/zhixu/Library/Java/Extensions:/Library/Java/Extensions:/Network/Library/Java/Extensions:/System/Library/Java/Extensions:/usr/lib/java:."/>
    <property name="java.vm.info" value="mixed mode, sharing"/>
    <property name="stderr.encoding" value="UTF-8"/>
    <property name="java.vendor" value="Oracle Corporation"/>
    <property name="java.vm.version" value="20+36-2344"/>
    <property name="sun.io.unicode.encoding" value="UnicodeBig"/>
    <property name="socksNonProxyHosts" value="local|*.local|169.254/16|*.169.254/16"/>
    <property name="java.class.version" value="64.0"/>
  </properties>
  <testcase name="testGenerateVisitorReport" classname="com.mycompany.apartment_system.ManagerLoginNewTest" time="17.735"/>
</testsuite>